AutoDock Vina v1.2.5
#################################################################
# If you used AutoDock Vina in your work, please cite:          #
#                                                               #
# J. Eberhardt, D. Santos-Martins, A. F. Tillack, and S. Forli  #
# AutoDock Vina 1.2.0: New Docking Methods, Expanded Force      #
# Field, and Python Bindings, J. Chem. Inf. Model. (2021)       #
# DOI 10.1021/acs.jcim.1c00203                                  #
#                                                               #
# O. Trott, A. J. Olson,                                        #
# AutoDock Vina: improving the speed and accuracy of docking    #
# with a new scoring function, efficient optimization and       #
# multithreading, J. Comp. Chem. (2010)                         #
# DOI 10.1002/jcc.21334                                         #
#                                                               #
# Please see https://github.com/ccsb-scripps/AutoDock-Vina for  #
# more information.                                             #
#################################################################

Scoring function : vina
Rigid receptor: /content/1RKP/DOCKING/1RKP_prot_A.pdbqt
Ligand: /content/1RKP/DOCKING/VIA/VIA.pdbqt
Grid center: X 0 Y 0 Z 0
Grid size  : X 10 Y 10 Z 10
Grid space : 0.375
Exhaustiveness: 16
CPU: 2
Verbosity: 2

Computing Vina grid ... done.
Performing docking (random seed: -317727814) ... 
0%   10   20   30   40   50   60   70   80   90   100%
|----|----|----|----|----|----|----|----|----|----|
***************************************************
done.
ENERGY FROM SEARCH: -1.9314
FINAL ENERGY: 
Estimated Free Energy of Binding   : 0.000 (kcal/mol) [=(1)+(2)+(3)-(4)]
(1) Final Intermolecular Energy    : 0.000 (kcal/mol)
    Ligand - Receptor              : 0.000 (kcal/mol)
    Ligand - Flex side chains      : 0.000 (kcal/mol)
(2) Final Total Internal Energy    : -1.931 (kcal/mol)
    Ligand                         : -1.931 (kcal/mol)
    Flex   - Receptor              : 0.000 (kcal/mol)
    Flex   - Flex side chains      : 0.000 (kcal/mol)
(3) Torsional Free Energy          : 0.000 (kcal/mol)
(4) Unbound System's Energy        : -1.931 (kcal/mol)
ENERGY FROM SEARCH: -1.931
FINAL ENERGY: 
Estimated Free Energy of Binding   : 0.000 (kcal/mol) [=(1)+(2)+(3)-(4)]
(1) Final Intermolecular Energy    : 0.000 (kcal/mol)
    Ligand - Receptor              : 0.000 (kcal/mol)
    Ligand - Flex side chains      : 0.000 (kcal/mol)
(2) Final Total Internal Energy    : -1.931 (kcal/mol)
    Ligand                         : -1.931 (kcal/mol)
    Flex   - Receptor              : 0.000 (kcal/mol)
    Flex   - Flex side chains      : 0.000 (kcal/mol)
(3) Torsional Free Energy          : -0.000 (kcal/mol)
(4) Unbound System's Energy        : -1.931 (kcal/mol)
ENERGY FROM SEARCH: -1.931
FINAL ENERGY: 
Estimated Free Energy of Binding   : 0.000 (kcal/mol) [=(1)+(2)+(3)-(4)]
(1) Final Intermolecular Energy    : 0.000 (kcal/mol)
    Ligand - Receptor              : 0.000 (kcal/mol)
    Ligand - Flex side chains      : 0.000 (kcal/mol)
(2) Final Total Internal Energy    : -1.931 (kcal/mol)
    Ligand                         : -1.931 (kcal/mol)
    Flex   - Receptor              : 0.000 (kcal/mol)
    Flex   - Flex side chains      : 0.000 (kcal/mol)
(3) Torsional Free Energy          : -0.000 (kcal/mol)
(4) Unbound System's Energy        : -1.931 (kcal/mol)
ENERGY FROM SEARCH: -1.931
FINAL ENERGY: 
Estimated Free Energy of Binding   : 0.000 (kcal/mol) [=(1)+(2)+(3)-(4)]
(1) Final Intermolecular Energy    : 0.000 (kcal/mol)
    Ligand - Receptor              : 0.000 (kcal/mol)
    Ligand - Flex side chains      : 0.000 (kcal/mol)
(2) Final Total Internal Energy    : -1.931 (kcal/mol)
    Ligand                         : -1.931 (kcal/mol)
    Flex   - Receptor              : 0.000 (kcal/mol)
    Flex   - Flex side chains      : 0.000 (kcal/mol)
(3) Torsional Free Energy          : -0.000 (kcal/mol)
(4) Unbound System's Energy        : -1.931 (kcal/mol)
ENERGY FROM SEARCH: -1.931
FINAL ENERGY: 
Estimated Free Energy of Binding   : 0.000 (kcal/mol) [=(1)+(2)+(3)-(4)]
(1) Final Intermolecular Energy    : 0.000 (kcal/mol)
    Ligand - Receptor              : 0.000 (kcal/mol)
    Ligand - Flex side chains      : 0.000 (kcal/mol)
(2) Final Total Internal Energy    : -1.931 (kcal/mol)
    Ligand                         : -1.931 (kcal/mol)
    Flex   - Receptor              : 0.000 (kcal/mol)
    Flex   - Flex side chains      : 0.000 (kcal/mol)
(3) Torsional Free Energy          : -0.000 (kcal/mol)
(4) Unbound System's Energy        : -1.931 (kcal/mol)
ENERGY FROM SEARCH: -1.931
FINAL ENERGY: 
Estimated Free Energy of Binding   : 0.000 (kcal/mol) [=(1)+(2)+(3)-(4)]
(1) Final Intermolecular Energy    : 0.000 (kcal/mol)
    Ligand - Receptor              : 0.000 (kcal/mol)
    Ligand - Flex side chains      : 0.000 (kcal/mol)
(2) Final Total Internal Energy    : -1.931 (kcal/mol)
    Ligand                         : -1.931 (kcal/mol)
    Flex   - Receptor              : 0.000 (kcal/mol)
    Flex   - Flex side chains      : 0.000 (kcal/mol)
(3) Torsional Free Energy          : -0.000 (kcal/mol)
(4) Unbound System's Energy        : -1.931 (kcal/mol)
ENERGY FROM SEARCH: -1.931
FINAL ENERGY: 
Estimated Free Energy of Binding   : 0.000 (kcal/mol) [=(1)+(2)+(3)-(4)]
(1) Final Intermolecular Energy    : 0.000 (kcal/mol)
    Ligand - Receptor              : 0.000 (kcal/mol)
    Ligand - Flex side chains      : 0.000 (kcal/mol)
(2) Final Total Internal Energy    : -1.931 (kcal/mol)
    Ligand                         : -1.931 (kcal/mol)
    Flex   - Receptor              : 0.000 (kcal/mol)
    Flex   - Flex side chains      : 0.000 (kcal/mol)
(3) Torsional Free Energy          : -0.000 (kcal/mol)
(4) Unbound System's Energy        : -1.931 (kcal/mol)
ENERGY FROM SEARCH: -1.931
FINAL ENERGY: 
Estimated Free Energy of Binding   : 0.001 (kcal/mol) [=(1)+(2)+(3)-(4)]
(1) Final Intermolecular Energy    : 0.000 (kcal/mol)
    Ligand - Receptor              : 0.000 (kcal/mol)
    Ligand - Flex side chains      : 0.000 (kcal/mol)
(2) Final Total Internal Energy    : -1.931 (kcal/mol)
    Ligand                         : -1.931 (kcal/mol)
    Flex   - Receptor              : 0.000 (kcal/mol)
    Flex   - Flex side chains      : 0.000 (kcal/mol)
(3) Torsional Free Energy          : -0.000 (kcal/mol)
(4) Unbound System's Energy        : -1.931 (kcal/mol)
ENERGY FROM SEARCH: -1.931
FINAL ENERGY: 
Estimated Free Energy of Binding   : 0.001 (kcal/mol) [=(1)+(2)+(3)-(4)]
(1) Final Intermolecular Energy    : 0.000 (kcal/mol)
    Ligand - Receptor              : 0.000 (kcal/mol)
    Ligand - Flex side chains      : 0.000 (kcal/mol)
(2) Final Total Internal Energy    : -1.931 (kcal/mol)
    Ligand                         : -1.931 (kcal/mol)
    Flex   - Receptor              : 0.000 (kcal/mol)
    Flex   - Flex side chains      : 0.000 (kcal/mol)
(3) Torsional Free Energy          : -0.000 (kcal/mol)
(4) Unbound System's Energy        : -1.931 (kcal/mol)

mode |   affinity | dist from best mode
     | (kcal/mol) | rmsd l.b.| rmsd u.b.
-----+------------+----------+----------
   1       0.0000     0.0000     0.0000
   2       0.0001     3.5684     4.4803
   3       0.0001     2.2161     2.5044
   4       0.0002     3.9215     7.9185
   5       0.0003     3.4079     7.2801
   6       0.0004     3.1370     5.2933
   7       0.0004     3.3224     5.8472
   8       0.0005     3.0756     4.4314
   9       0.0005     3.5507     6.1768
